<?xml version="1.0" encoding="UTF-8"?>
<!-- Generated by org.testng.reporters.JUnitXMLReporter -->
<testsuite ignored="2" hostname="MANI" failures="0" tests="1" name="Default test" time="49.089" errors="0" timestamp="2024-12-21T11:37:26 IST">
  <testcase classname="testcases.TC01_RegistrationOfPatient" name="validateWithOnlyMandatoryData" time="34.278"/>
  <testcase classname="testcases.TC01_RegistrationOfPatient" name="validateByprovindingInvalidData" time="0.0">
    <ignored/>
  </testcase> <!-- validateByprovindingInvalidData -->
  <testcase classname="testcases.TC01_RegistrationOfPatient" name="validateUnIdentifiedPatient" time="0.0">
    <ignored/>
  </testcase> <!-- validateUnIdentifiedPatient -->
</testsuite> <!-- Default test -->
