<?xml version="1.0" encoding="UTF-8"?>
<!-- Generated by org.testng.reporters.JUnitXMLReporter -->
<testsuite ignored="0" hostname="MANI" failures="0" tests="7" name="Test" time="86.853" errors="0" timestamp="2024-12-21T12:04:11 IST">
  <testcase classname="testcases.TC01_RegistrationOfPatient" name="validateByprovindingInvalidData" time="11.158"/>
  <testcase classname="testcases.TC01_RegistrationOfPatient" name="validateUnIdentifiedPatient" time="11.45"/>
  <testcase classname="testcases.TC01_RegistrationOfPatient" name="validateWithOnlyMandatoryData" time="8.571"/>
  <testcase classname="testcases.TC03_Pagination" name="validatePagination" time="5.49"/>
  <testcase classname="testcases.TC02_FindPatient" name="validateFindingPatientById" time="4.329"/>
  <testcase classname="testcases.TC02_FindPatient" name="validateFindingPatientByName" time="2.069"/>
  <testcase classname="testcases.TC02_FindPatient" name="validateFindingPatientByNonexistentData" time="3.55"/>
</testsuite> <!-- Test -->
