<?xml version="1.0" encoding="UTF-8"?>
<testng-results ignored="0" total="7" passed="7" failed="0" skipped="0">
  <reporter-output>
  </reporter-output>
  <suite started-at="2024-12-21T12:02:44 IST" name="Suite" finished-at="2024-12-21T12:04:10 IST" duration-ms="86853">
    <groups>
    </groups>
    <test started-at="2024-12-21T12:02:44 IST" name="Test" finished-at="2024-12-21T12:04:10 IST" duration-ms="86853">
      <class name="testcases.TC03_Pagination">
        <test-method is-config="true" signature="setup()[pri:0, instance:testcases.TC03_Pagination@7c7a06ec]" started-at="2024-12-21T12:03:31 IST" name="setup" finished-at="2024-12-21T12:03:41 IST" duration-ms="10444" status="PASS">
          <reporter-output>
          </reporter-output>
        </test-method> <!-- setup -->
        <test-method signature="validatePagination()[pri:0, instance:testcases.TC03_Pagination@7c7a06ec]" started-at="2024-12-21T12:03:41 IST" name="validatePagination" finished-at="2024-12-21T12:03:47 IST" duration-ms="5490" status="PASS">
          <reporter-output>
          </reporter-output>
        </test-method> <!-- validatePagination -->
        <test-method is-config="true" signature="tearDown()[pri:0, instance:testcases.TC03_Pagination@7c7a06ec]" started-at="2024-12-21T12:03:47 IST" name="tearDown" finished-at="2024-12-21T12:03:48 IST" duration-ms="1555" status="PASS">
          <reporter-output>
          </reporter-output>
        </test-method> <!-- tearDown -->
      </class> <!-- testcases.TC03_Pagination -->
      <class name="testcases.TC02_FindPatient">
        <test-method is-config="true" signature="setup()[pri:0, instance:testcases.TC02_FindPatient@75d4a5c2]" started-at="2024-12-21T12:03:48 IST" name="setup" finished-at="2024-12-21T12:03:59 IST" duration-ms="11183" status="PASS">
          <reporter-output>
          </reporter-output>
        </test-method> <!-- setup -->
        <test-method signature="validateFindingPatientById()[pri:0, instance:testcases.TC02_FindPatient@75d4a5c2]" started-at="2024-12-21T12:03:59 IST" name="validateFindingPatientById" finished-at="2024-12-21T12:04:04 IST" duration-ms="4329" status="PASS">
          <reporter-output>
          </reporter-output>
        </test-method> <!-- validateFindingPatientById -->
        <test-method signature="validateFindingPatientByName()[pri:0, instance:testcases.TC02_FindPatient@75d4a5c2]" started-at="2024-12-21T12:04:04 IST" name="validateFindingPatientByName" finished-at="2024-12-21T12:04:06 IST" duration-ms="2069" status="PASS">
          <reporter-output>
          </reporter-output>
        </test-method> <!-- validateFindingPatientByName -->
        <test-method signature="validateFindingPatientByNonexistentData()[pri:0, instance:testcases.TC02_FindPatient@75d4a5c2]" started-at="2024-12-21T12:04:06 IST" name="validateFindingPatientByNonexistentData" finished-at="2024-12-21T12:04:09 IST" duration-ms="3550" status="PASS">
          <reporter-output>
          </reporter-output>
        </test-method> <!-- validateFindingPatientByNonexistentData -->
        <test-method is-config="true" signature="tearDown()[pri:0, instance:testcases.TC02_FindPatient@75d4a5c2]" started-at="2024-12-21T12:04:09 IST" name="tearDown" finished-at="2024-12-21T12:04:10 IST" duration-ms="1281" status="PASS">
          <reporter-output>
          </reporter-output>
        </test-method> <!-- tearDown -->
      </class> <!-- testcases.TC02_FindPatient -->
      <class name="testcases.TC01_RegistrationOfPatient">
        <test-method is-config="true" signature="setup()[pri:0, instance:testcases.TC01_RegistrationOfPatient@4afcd809]" started-at="2024-12-21T12:02:44 IST" name="setup" finished-at="2024-12-21T12:02:58 IST" duration-ms="13618" status="PASS">
          <reporter-output>
          </reporter-output>
        </test-method> <!-- setup -->
        <test-method signature="validateByprovindingInvalidData()[pri:0, instance:testcases.TC01_RegistrationOfPatient@4afcd809]" started-at="2024-12-21T12:02:58 IST" name="validateByprovindingInvalidData" finished-at="2024-12-21T12:03:09 IST" duration-ms="11158" status="PASS">
          <reporter-output>
          </reporter-output>
        </test-method> <!-- validateByprovindingInvalidData -->
        <test-method signature="validateUnIdentifiedPatient()[pri:0, instance:testcases.TC01_RegistrationOfPatient@4afcd809]" started-at="2024-12-21T12:03:09 IST" name="validateUnIdentifiedPatient" finished-at="2024-12-21T12:03:20 IST" duration-ms="11450" status="PASS">
          <reporter-output>
          </reporter-output>
        </test-method> <!-- validateUnIdentifiedPatient -->
        <test-method signature="validateWithOnlyMandatoryData()[pri:0, instance:testcases.TC01_RegistrationOfPatient@4afcd809]" started-at="2024-12-21T12:03:20 IST" name="validateWithOnlyMandatoryData" finished-at="2024-12-21T12:03:29 IST" duration-ms="8571" status="PASS">
          <reporter-output>
          </reporter-output>
        </test-method> <!-- validateWithOnlyMandatoryData -->
        <test-method is-config="true" signature="tearDown()[pri:0, instance:testcases.TC01_RegistrationOfPatient@4afcd809]" started-at="2024-12-21T12:03:29 IST" name="tearDown" finished-at="2024-12-21T12:03:31 IST" duration-ms="1538" status="PASS">
          <reporter-output>
          </reporter-output>
        </test-method> <!-- tearDown -->
      </class> <!-- testcases.TC01_RegistrationOfPatient -->
    </test> <!-- Test -->
  </suite> <!-- Suite -->
</testng-results>
